<?xml version="1.0" encoding="UTF-8"?>
<!-- Generated by org.testng.reporters.JUnitXMLReporter -->
<testsuite ignored="6" hostname="IN-90DK1N3" failures="0" tests="20" name="Test" time="19.794" errors="0" timestamp="2022-11-22T22:15:01 IST">
  <testcase classname="assignment.RestFramework.testcases.Board" name="Create_a_board" time="2.086"/>
  <testcase classname="assignment.RestFramework.testcases.Board" name="get_a_board" time="0.682"/>
  <testcase classname="assignment.RestFramework.testcases.Board" name="update_a_board" time="0.828"/>
  <testcase classname="assignment.RestFramework.testcases.Board" name="delete_a_board" time="1.006"/>
  <testcase classname="assignment.RestFramework.testcases.Board" name="negative_scenario" time="0.595"/>
  <testcase classname="assignment.RestFramework.testcases.Card" name="Create_a_Card" time="0.978"/>
  <testcase classname="assignment.RestFramework.testcases.Card" name="get_a_Card" time="0.715"/>
  <testcase classname="assignment.RestFramework.testcases.Card" name="update_a_Card" time="1.08"/>
  <testcase classname="assignment.RestFramework.testcases.Card" name="delete_a_Card" time="0.779"/>
  <testcase classname="assignment.RestFramework.testcases.Card" name="negative_scenario" time="0.597"/>
  <testcase classname="assignment.RestFramework.testcases.CheckLists" name="Create_a_CheckList" time="0.913"/>
  <testcase classname="assignment.RestFramework.testcases.CheckLists" name="get_a_CheckList" time="1.643"/>
  <testcase classname="assignment.RestFramework.testcases.CheckLists" name="update_a_CheckList" time="0.784"/>
  <testcase classname="assignment.RestFramework.testcases.CheckLists" name="delete_a_CheckList" time="0.989"/>
  <testcase classname="assignment.RestFramework.testcases.CheckLists" name="negative_scenario" time="0.593"/>
  <testcase classname="assignment.RestFramework.testcases.Lebels" name="Create_a_Lebel" time="1.346"/>
  <testcase classname="assignment.RestFramework.testcases.Lebels" name="get_a_Lebel" time="0.683"/>
  <testcase classname="assignment.RestFramework.testcases.Lebels" name="update_a_Lebel" time="0.992"/>
  <testcase classname="assignment.RestFramework.testcases.Lebels" name="delete_a_Lebel" time="0.785"/>
  <testcase classname="assignment.RestFramework.testcases.Lebels" name="negative_scenario" time="0.598"/>
  <testcase classname="assignment.RestFramework.base.BasePage" name="@BeforeSuite init" time="0.0">
    <ignored/>
  </testcase> <!-- @BeforeSuite init -->
  <testcase classname="assignment.RestFramework.base.BasePage" name="@BeforeSuite init" time="0.0">
    <ignored/>
  </testcase> <!-- @BeforeSuite init -->
  <testcase classname="assignment.RestFramework.base.BasePage" name="@BeforeSuite init" time="0.0">
    <ignored/>
  </testcase> <!-- @BeforeSuite init -->
  <testcase classname="assignment.RestFramework.base.BasePage" name="@BeforeTest loadLog4j" time="0.0">
    <ignored/>
  </testcase> <!-- @BeforeTest loadLog4j -->
  <testcase classname="assignment.RestFramework.base.BasePage" name="@BeforeTest loadLog4j" time="0.0">
    <ignored/>
  </testcase> <!-- @BeforeTest loadLog4j -->
  <testcase classname="assignment.RestFramework.base.BasePage" name="@BeforeTest loadLog4j" time="0.0">
    <ignored/>
  </testcase> <!-- @BeforeTest loadLog4j -->
</testsuite> <!-- Test -->
