<?xml version="1.0" encoding="UTF-8"?>
<!-- Generated by org.testng.reporters.JUnitXMLReporter -->
<testsuite ignored="6" hostname="IN-90DK1N3" failures="0" tests="4" name="Test" time="5.142" errors="0" timestamp="22 Nov 2022 16:24:56 GMT">
  <testcase classname="assignment.RestFramework.testcases.CheckLists" name="Create_a_CheckList" time="1.8"/>
  <testcase classname="assignment.RestFramework.testcases.Board" name="Create_a_board" time="0.954"/>
  <testcase classname="assignment.RestFramework.testcases.Lebels" name="Create_a_Lebel" time="0.659"/>
  <testcase classname="assignment.RestFramework.testcases.Card" name="Create_a_Card" time="0.791"/>
  <testcase classname="assignment.RestFramework.base.BasePage" name="@BeforeSuite init" time="0.0">
    <ignored/>
  </testcase> <!-- @BeforeSuite init -->
  <testcase classname="assignment.RestFramework.base.BasePage" name="@BeforeSuite init" time="0.0">
    <ignored/>
  </testcase> <!-- @BeforeSuite init -->
  <testcase classname="assignment.RestFramework.base.BasePage" name="@BeforeSuite init" time="0.0">
    <ignored/>
  </testcase> <!-- @BeforeSuite init -->
  <testcase classname="assignment.RestFramework.base.BasePage" name="@BeforeTest loadLog4j" time="0.0">
    <ignored/>
  </testcase> <!-- @BeforeTest loadLog4j -->
  <testcase classname="assignment.RestFramework.base.BasePage" name="@BeforeTest loadLog4j" time="0.0">
    <ignored/>
  </testcase> <!-- @BeforeTest loadLog4j -->
  <testcase classname="assignment.RestFramework.base.BasePage" name="@BeforeTest loadLog4j" time="0.0">
    <ignored/>
  </testcase> <!-- @BeforeTest loadLog4j -->
</testsuite> <!-- Test -->
