<?xml version="1.0" encoding="UTF-8"?>
<testng-results ignored="6" total="26" passed="20" failed="0" skipped="0">
  <reporter-output>
  </reporter-output>
  <suite started-at="2022-11-22T22:14:41 IST" name="Suite" finished-at="2022-11-22T22:15:01 IST" duration-ms="19794">
    <groups>
    </groups>
    <test started-at="2022-11-22T22:14:41 IST" name="Test" finished-at="2022-11-22T22:15:01 IST" duration-ms="19794">
      <class name="assignment.RestFramework.testcases.Board">
        <test-method is-config="true" signature="init()[pri:0, instance:assignment.RestFramework.testcases.Board@4310d43]" started-at="2022-11-22T22:14:41 IST" name="init" finished-at="2022-11-22T22:14:41 IST" duration-ms="123" status="PASS">
          <reporter-output>
          </reporter-output>
        </test-method> <!-- init -->
        <test-method is-config="true" signature="loadLog4j()[pri:0, instance:assignment.RestFramework.testcases.Board@4310d43]" started-at="2022-11-22T22:14:41 IST" name="loadLog4j" finished-at="2022-11-22T22:14:41 IST" duration-ms="28" status="PASS">
          <reporter-output>
          </reporter-output>
        </test-method> <!-- loadLog4j -->
        <test-method is-config="true" signature="startTest(java.lang.reflect.Method)[pri:0, instance:assignment.RestFramework.testcases.Board@4310d43]" started-at="2022-11-22T22:14:41 IST" name="startTest" finished-at="2022-11-22T22:14:42 IST" duration-ms="529" status="PASS">
          <params>
            <param index="0">
              <value>
                <![CDATA[public void assignment.RestFramework.testcases.Board.Create_a_board() throws java.lang.Exception]]>
              </value>
            </param>
          </params>
          <reporter-output>
          </reporter-output>
        </test-method> <!-- startTest -->
        <test-method is-config="true" signature="SetupTest()[pri:0, instance:assignment.RestFramework.testcases.Board@4310d43]" started-at="2022-11-22T22:14:41 IST" name="SetupTest" finished-at="2022-11-22T22:14:41 IST" duration-ms="0" status="PASS">
          <reporter-output>
          </reporter-output>
        </test-method> <!-- SetupTest -->
        <test-method is-config="true" signature="setUpRequest()[pri:0, instance:assignment.RestFramework.testcases.Board@4310d43]" started-at="2022-11-22T22:14:42 IST" name="setUpRequest" finished-at="2022-11-22T22:14:42 IST" duration-ms="2" status="PASS">
          <reporter-output>
          </reporter-output>
        </test-method> <!-- setUpRequest -->
        <test-method signature="Create_a_board()[pri:1, instance:assignment.RestFramework.testcases.Board@4310d43]" started-at="2022-11-22T22:14:42 IST" name="Create_a_board" finished-at="2022-11-22T22:14:44 IST" duration-ms="2086" status="PASS">
          <reporter-output>
          </reporter-output>
        </test-method> <!-- Create_a_board -->
        <test-method is-config="true" signature="reportFlush(org.testng.ITestResult)[pri:0, instance:assignment.RestFramework.testcases.Board@4310d43]" started-at="2022-11-22T22:14:44 IST" name="reportFlush" finished-at="2022-11-22T22:14:44 IST" duration-ms="141" status="PASS">
          <params>
            <param index="0">
              <value>
                <![CDATA[[TestResult name=Create_a_board status=SUCCESS method=Board.Create_a_board()[pri:1, instance:assignment.RestFramework.testcases.Board@4310d43] output={null}]]]>
              </value>
            </param>
          </params>
          <reporter-output>
          </reporter-output>
        </test-method> <!-- reportFlush -->
        <test-method signature="get_a_board()[pri:2, instance:assignment.RestFramework.testcases.Board@4310d43]" started-at="2022-11-22T22:14:44 IST" name="get_a_board" finished-at="2022-11-22T22:14:45 IST" duration-ms="682" status="PASS">
          <reporter-output>
          </reporter-output>
        </test-method> <!-- get_a_board -->
        <test-method is-config="true" signature="startTest(java.lang.reflect.Method)[pri:0, instance:assignment.RestFramework.testcases.Board@4310d43]" started-at="2022-11-22T22:14:44 IST" name="startTest" finished-at="2022-11-22T22:14:44 IST" duration-ms="0" status="PASS">
          <params>
            <param index="0">
              <value>
                <![CDATA[public void assignment.RestFramework.testcases.Board.get_a_board() throws java.lang.Exception]]>
              </value>
            </param>
          </params>
          <reporter-output>
          </reporter-output>
        </test-method> <!-- startTest -->
        <test-method is-config="true" signature="setUpRequest()[pri:0, instance:assignment.RestFramework.testcases.Board@4310d43]" started-at="2022-11-22T22:14:44 IST" name="setUpRequest" finished-at="2022-11-22T22:14:44 IST" duration-ms="0" status="PASS">
          <reporter-output>
          </reporter-output>
        </test-method> <!-- setUpRequest -->
        <test-method is-config="true" signature="reportFlush(org.testng.ITestResult)[pri:0, instance:assignment.RestFramework.testcases.Board@4310d43]" started-at="2022-11-22T22:14:45 IST" name="reportFlush" finished-at="2022-11-22T22:14:45 IST" duration-ms="18" status="PASS">
          <params>
            <param index="0">
              <value>
                <![CDATA[[TestResult name=get_a_board status=SUCCESS method=Board.get_a_board()[pri:2, instance:assignment.RestFramework.testcases.Board@4310d43] output={null}]]]>
              </value>
            </param>
          </params>
          <reporter-output>
          </reporter-output>
        </test-method> <!-- reportFlush -->
        <test-method signature="update_a_board()[pri:3, instance:assignment.RestFramework.testcases.Board@4310d43]" started-at="2022-11-22T22:14:45 IST" name="update_a_board" finished-at="2022-11-22T22:14:45 IST" duration-ms="828" status="PASS">
          <reporter-output>
          </reporter-output>
        </test-method> <!-- update_a_board -->
        <test-method is-config="true" signature="setUpRequest()[pri:0, instance:assignment.RestFramework.testcases.Board@4310d43]" started-at="2022-11-22T22:14:45 IST" name="setUpRequest" finished-at="2022-11-22T22:14:45 IST" duration-ms="0" status="PASS">
          <reporter-output>
          </reporter-output>
        </test-method> <!-- setUpRequest -->
        <test-method is-config="true" signature="startTest(java.lang.reflect.Method)[pri:0, instance:assignment.RestFramework.testcases.Board@4310d43]" started-at="2022-11-22T22:14:45 IST" name="startTest" finished-at="2022-11-22T22:14:45 IST" duration-ms="0" status="PASS">
          <params>
            <param index="0">
              <value>
                <![CDATA[public void assignment.RestFramework.testcases.Board.update_a_board() throws java.lang.Exception]]>
              </value>
            </param>
          </params>
          <reporter-output>
          </reporter-output>
        </test-method> <!-- startTest -->
        <test-method is-config="true" signature="reportFlush(org.testng.ITestResult)[pri:0, instance:assignment.RestFramework.testcases.Board@4310d43]" started-at="2022-11-22T22:14:45 IST" name="reportFlush" finished-at="2022-11-22T22:14:45 IST" duration-ms="16" status="PASS">
          <params>
            <param index="0">
              <value>
                <![CDATA[[TestResult name=update_a_board status=SUCCESS method=Board.update_a_board()[pri:3, instance:assignment.RestFramework.testcases.Board@4310d43] output={null}]]]>
              </value>
            </param>
          </params>
          <reporter-output>
          </reporter-output>
        </test-method> <!-- reportFlush -->
        <test-method is-config="true" signature="startTest(java.lang.reflect.Method)[pri:0, instance:assignment.RestFramework.testcases.Board@4310d43]" started-at="2022-11-22T22:14:45 IST" name="startTest" finished-at="2022-11-22T22:14:45 IST" duration-ms="1" status="PASS">
          <params>
            <param index="0">
              <value>
                <![CDATA[public void assignment.RestFramework.testcases.Board.delete_a_board() throws java.lang.Exception]]>
              </value>
            </param>
          </params>
          <reporter-output>
          </reporter-output>
        </test-method> <!-- startTest -->
        <test-method signature="delete_a_board()[pri:4, instance:assignment.RestFramework.testcases.Board@4310d43]" started-at="2022-11-22T22:14:45 IST" name="delete_a_board" finished-at="2022-11-22T22:14:46 IST" duration-ms="1006" status="PASS">
          <reporter-output>
          </reporter-output>
        </test-method> <!-- delete_a_board -->
        <test-method is-config="true" signature="setUpRequest()[pri:0, instance:assignment.RestFramework.testcases.Board@4310d43]" started-at="2022-11-22T22:14:45 IST" name="setUpRequest" finished-at="2022-11-22T22:14:45 IST" duration-ms="0" status="PASS">
          <reporter-output>
          </reporter-output>
        </test-method> <!-- setUpRequest -->
        <test-method is-config="true" signature="reportFlush(org.testng.ITestResult)[pri:0, instance:assignment.RestFramework.testcases.Board@4310d43]" started-at="2022-11-22T22:14:46 IST" name="reportFlush" finished-at="2022-11-22T22:14:46 IST" duration-ms="21" status="PASS">
          <params>
            <param index="0">
              <value>
                <![CDATA[[TestResult name=delete_a_board status=SUCCESS method=Board.delete_a_board()[pri:4, instance:assignment.RestFramework.testcases.Board@4310d43] output={null}]]]>
              </value>
            </param>
          </params>
          <reporter-output>
          </reporter-output>
        </test-method> <!-- reportFlush -->
        <test-method is-config="true" signature="startTest(java.lang.reflect.Method)[pri:0, instance:assignment.RestFramework.testcases.Board@4310d43]" started-at="2022-11-22T22:14:46 IST" name="startTest" finished-at="2022-11-22T22:14:46 IST" duration-ms="0" status="PASS">
          <params>
            <param index="0">
              <value>
                <![CDATA[public void assignment.RestFramework.testcases.Board.negative_scenario() throws java.lang.Exception]]>
              </value>
            </param>
          </params>
          <reporter-output>
          </reporter-output>
        </test-method> <!-- startTest -->
        <test-method signature="negative_scenario()[pri:5, instance:assignment.RestFramework.testcases.Board@4310d43]" started-at="2022-11-22T22:14:46 IST" name="negative_scenario" finished-at="2022-11-22T22:14:47 IST" duration-ms="595" status="PASS">
          <reporter-output>
          </reporter-output>
        </test-method> <!-- negative_scenario -->
        <test-method is-config="true" signature="setUpRequest()[pri:0, instance:assignment.RestFramework.testcases.Board@4310d43]" started-at="2022-11-22T22:14:46 IST" name="setUpRequest" finished-at="2022-11-22T22:14:46 IST" duration-ms="0" status="PASS">
          <reporter-output>
          </reporter-output>
        </test-method> <!-- setUpRequest -->
        <test-method is-config="true" signature="reportFlush(org.testng.ITestResult)[pri:0, instance:assignment.RestFramework.testcases.Board@4310d43]" started-at="2022-11-22T22:14:47 IST" name="reportFlush" finished-at="2022-11-22T22:14:47 IST" duration-ms="26" status="PASS">
          <params>
            <param index="0">
              <value>
                <![CDATA[[TestResult name=negative_scenario status=SUCCESS method=Board.negative_scenario()[pri:5, instance:assignment.RestFramework.testcases.Board@4310d43] output={null}]]]>
              </value>
            </param>
          </params>
          <reporter-output>
          </reporter-output>
        </test-method> <!-- reportFlush -->
      </class> <!-- assignment.RestFramework.testcases.Board -->
      <class name="assignment.RestFramework.testcases.Lebels">
        <test-method is-config="true" signature="startTest(java.lang.reflect.Method)[pri:0, instance:assignment.RestFramework.testcases.Lebels@7db12bb6]" started-at="2022-11-22T22:14:56 IST" name="startTest" finished-at="2022-11-22T22:14:56 IST" duration-ms="0" status="PASS">
          <params>
            <param index="0">
              <value>
                <![CDATA[public void assignment.RestFramework.testcases.Lebels.Create_a_Lebel() throws java.lang.Exception]]>
              </value>
            </param>
          </params>
          <reporter-output>
          </reporter-output>
        </test-method> <!-- startTest -->
        <test-method signature="Create_a_Lebel()[pri:1, instance:assignment.RestFramework.testcases.Lebels@7db12bb6]" started-at="2022-11-22T22:14:56 IST" name="Create_a_Lebel" finished-at="2022-11-22T22:14:58 IST" duration-ms="1346" status="PASS">
          <reporter-output>
          </reporter-output>
        </test-method> <!-- Create_a_Lebel -->
        <test-method is-config="true" signature="SetupTest()[pri:0, instance:assignment.RestFramework.testcases.Lebels@7db12bb6]" started-at="2022-11-22T22:14:56 IST" name="SetupTest" finished-at="2022-11-22T22:14:56 IST" duration-ms="0" status="PASS">
          <reporter-output>
          </reporter-output>
        </test-method> <!-- SetupTest -->
        <test-method is-config="true" signature="setUpRequest()[pri:0, instance:assignment.RestFramework.testcases.Lebels@7db12bb6]" started-at="2022-11-22T22:14:56 IST" name="setUpRequest" finished-at="2022-11-22T22:14:56 IST" duration-ms="0" status="PASS">
          <reporter-output>
          </reporter-output>
        </test-method> <!-- setUpRequest -->
        <test-method is-config="true" signature="reportFlush(org.testng.ITestResult)[pri:0, instance:assignment.RestFramework.testcases.Lebels@7db12bb6]" started-at="2022-11-22T22:14:58 IST" name="reportFlush" finished-at="2022-11-22T22:14:58 IST" duration-ms="16" status="PASS">
          <params>
            <param index="0">
              <value>
                <![CDATA[[TestResult name=Create_a_Lebel status=SUCCESS method=Lebels.Create_a_Lebel()[pri:1, instance:assignment.RestFramework.testcases.Lebels@7db12bb6] output={null}]]]>
              </value>
            </param>
          </params>
          <reporter-output>
          </reporter-output>
        </test-method> <!-- reportFlush -->
        <test-method is-config="true" signature="startTest(java.lang.reflect.Method)[pri:0, instance:assignment.RestFramework.testcases.Lebels@7db12bb6]" started-at="2022-11-22T22:14:58 IST" name="startTest" finished-at="2022-11-22T22:14:58 IST" duration-ms="0" status="PASS">
          <params>
            <param index="0">
              <value>
                <![CDATA[public void assignment.RestFramework.testcases.Lebels.get_a_Lebel() throws java.lang.Exception]]>
              </value>
            </param>
          </params>
          <reporter-output>
          </reporter-output>
        </test-method> <!-- startTest -->
        <test-method signature="get_a_Lebel()[pri:2, instance:assignment.RestFramework.testcases.Lebels@7db12bb6]" started-at="2022-11-22T22:14:58 IST" name="get_a_Lebel" finished-at="2022-11-22T22:14:58 IST" duration-ms="683" status="PASS">
          <reporter-output>
          </reporter-output>
        </test-method> <!-- get_a_Lebel -->
        <test-method is-config="true" signature="setUpRequest()[pri:0, instance:assignment.RestFramework.testcases.Lebels@7db12bb6]" started-at="2022-11-22T22:14:58 IST" name="setUpRequest" finished-at="2022-11-22T22:14:58 IST" duration-ms="0" status="PASS">
          <reporter-output>
          </reporter-output>
        </test-method> <!-- setUpRequest -->
        <test-method is-config="true" signature="reportFlush(org.testng.ITestResult)[pri:0, instance:assignment.RestFramework.testcases.Lebels@7db12bb6]" started-at="2022-11-22T22:14:58 IST" name="reportFlush" finished-at="2022-11-22T22:14:58 IST" duration-ms="21" status="PASS">
          <params>
            <param index="0">
              <value>
                <![CDATA[[TestResult name=get_a_Lebel status=SUCCESS method=Lebels.get_a_Lebel()[pri:2, instance:assignment.RestFramework.testcases.Lebels@7db12bb6] output={null}]]]>
              </value>
            </param>
          </params>
          <reporter-output>
          </reporter-output>
        </test-method> <!-- reportFlush -->
        <test-method signature="update_a_Lebel()[pri:3, instance:assignment.RestFramework.testcases.Lebels@7db12bb6]" started-at="2022-11-22T22:14:58 IST" name="update_a_Lebel" finished-at="2022-11-22T22:14:59 IST" duration-ms="992" status="PASS">
          <reporter-output>
          </reporter-output>
        </test-method> <!-- update_a_Lebel -->
        <test-method is-config="true" signature="startTest(java.lang.reflect.Method)[pri:0, instance:assignment.RestFramework.testcases.Lebels@7db12bb6]" started-at="2022-11-22T22:14:58 IST" name="startTest" finished-at="2022-11-22T22:14:58 IST" duration-ms="0" status="PASS">
          <params>
            <param index="0">
              <value>
                <![CDATA[public void assignment.RestFramework.testcases.Lebels.update_a_Lebel() throws java.lang.Exception]]>
              </value>
            </param>
          </params>
          <reporter-output>
          </reporter-output>
        </test-method> <!-- startTest -->
        <test-method is-config="true" signature="setUpRequest()[pri:0, instance:assignment.RestFramework.testcases.Lebels@7db12bb6]" started-at="2022-11-22T22:14:58 IST" name="setUpRequest" finished-at="2022-11-22T22:14:58 IST" duration-ms="0" status="PASS">
          <reporter-output>
          </reporter-output>
        </test-method> <!-- setUpRequest -->
        <test-method is-config="true" signature="reportFlush(org.testng.ITestResult)[pri:0, instance:assignment.RestFramework.testcases.Lebels@7db12bb6]" started-at="2022-11-22T22:14:59 IST" name="reportFlush" finished-at="2022-11-22T22:14:59 IST" duration-ms="16" status="PASS">
          <params>
            <param index="0">
              <value>
                <![CDATA[[TestResult name=update_a_Lebel status=SUCCESS method=Lebels.update_a_Lebel()[pri:3, instance:assignment.RestFramework.testcases.Lebels@7db12bb6] output={null}]]]>
              </value>
            </param>
          </params>
          <reporter-output>
          </reporter-output>
        </test-method> <!-- reportFlush -->
        <test-method signature="delete_a_Lebel()[pri:4, instance:assignment.RestFramework.testcases.Lebels@7db12bb6]" started-at="2022-11-22T22:14:59 IST" name="delete_a_Lebel" finished-at="2022-11-22T22:15:00 IST" duration-ms="785" status="PASS">
          <reporter-output>
          </reporter-output>
        </test-method> <!-- delete_a_Lebel -->
        <test-method is-config="true" signature="setUpRequest()[pri:0, instance:assignment.RestFramework.testcases.Lebels@7db12bb6]" started-at="2022-11-22T22:14:59 IST" name="setUpRequest" finished-at="2022-11-22T22:14:59 IST" duration-ms="0" status="PASS">
          <reporter-output>
          </reporter-output>
        </test-method> <!-- setUpRequest -->
        <test-method is-config="true" signature="startTest(java.lang.reflect.Method)[pri:0, instance:assignment.RestFramework.testcases.Lebels@7db12bb6]" started-at="2022-11-22T22:14:59 IST" name="startTest" finished-at="2022-11-22T22:14:59 IST" duration-ms="0" status="PASS">
          <params>
            <param index="0">
              <value>
                <![CDATA[public void assignment.RestFramework.testcases.Lebels.delete_a_Lebel() throws java.lang.Exception]]>
              </value>
            </param>
          </params>
          <reporter-output>
          </reporter-output>
        </test-method> <!-- startTest -->
        <test-method is-config="true" signature="reportFlush(org.testng.ITestResult)[pri:0, instance:assignment.RestFramework.testcases.Lebels@7db12bb6]" started-at="2022-11-22T22:15:00 IST" name="reportFlush" finished-at="2022-11-22T22:15:00 IST" duration-ms="14" status="PASS">
          <params>
            <param index="0">
              <value>
                <![CDATA[[TestResult name=delete_a_Lebel status=SUCCESS method=Lebels.delete_a_Lebel()[pri:4, instance:assignment.RestFramework.testcases.Lebels@7db12bb6] output={null}]]]>
              </value>
            </param>
          </params>
          <reporter-output>
          </reporter-output>
        </test-method> <!-- reportFlush -->
        <test-method is-config="true" signature="setUpRequest()[pri:0, instance:assignment.RestFramework.testcases.Lebels@7db12bb6]" started-at="2022-11-22T22:15:00 IST" name="setUpRequest" finished-at="2022-11-22T22:15:00 IST" duration-ms="0" status="PASS">
          <reporter-output>
          </reporter-output>
        </test-method> <!-- setUpRequest -->
        <test-method is-config="true" signature="startTest(java.lang.reflect.Method)[pri:0, instance:assignment.RestFramework.testcases.Lebels@7db12bb6]" started-at="2022-11-22T22:15:00 IST" name="startTest" finished-at="2022-11-22T22:15:00 IST" duration-ms="0" status="PASS">
          <params>
            <param index="0">
              <value>
                <![CDATA[public void assignment.RestFramework.testcases.Lebels.negative_scenario() throws java.lang.Exception]]>
              </value>
            </param>
          </params>
          <reporter-output>
          </reporter-output>
        </test-method> <!-- startTest -->
        <test-method signature="negative_scenario()[pri:5, instance:assignment.RestFramework.testcases.Lebels@7db12bb6]" started-at="2022-11-22T22:15:00 IST" name="negative_scenario" finished-at="2022-11-22T22:15:01 IST" duration-ms="598" status="PASS">
          <reporter-output>
          </reporter-output>
        </test-method> <!-- negative_scenario -->
        <test-method is-config="true" signature="reportFlush(org.testng.ITestResult)[pri:0, instance:assignment.RestFramework.testcases.Lebels@7db12bb6]" started-at="2022-11-22T22:15:01 IST" name="reportFlush" finished-at="2022-11-22T22:15:01 IST" duration-ms="24" status="PASS">
          <params>
            <param index="0">
              <value>
                <![CDATA[[TestResult name=negative_scenario status=SUCCESS method=Lebels.negative_scenario()[pri:5, instance:assignment.RestFramework.testcases.Lebels@7db12bb6] output={null}]]]>
              </value>
            </param>
          </params>
          <reporter-output>
          </reporter-output>
        </test-method> <!-- reportFlush -->
      </class> <!-- assignment.RestFramework.testcases.Lebels -->
      <class name="assignment.RestFramework.testcases.Card">
        <test-method is-config="true" signature="startTest(java.lang.reflect.Method)[pri:0, instance:assignment.RestFramework.testcases.Card@54e1c68b]" started-at="2022-11-22T22:14:47 IST" name="startTest" finished-at="2022-11-22T22:14:47 IST" duration-ms="0" status="PASS">
          <params>
            <param index="0">
              <value>
                <![CDATA[public void assignment.RestFramework.testcases.Card.Create_a_Card() throws java.lang.Exception]]>
              </value>
            </param>
          </params>
          <reporter-output>
          </reporter-output>
        </test-method> <!-- startTest -->
        <test-method signature="Create_a_Card()[pri:1, instance:assignment.RestFramework.testcases.Card@54e1c68b]" started-at="2022-11-22T22:14:47 IST" name="Create_a_Card" finished-at="2022-11-22T22:14:48 IST" duration-ms="978" status="PASS">
          <reporter-output>
          </reporter-output>
        </test-method> <!-- Create_a_Card -->
        <test-method is-config="true" signature="SetupTest()[pri:0, instance:assignment.RestFramework.testcases.Card@54e1c68b]" started-at="2022-11-22T22:14:47 IST" name="SetupTest" finished-at="2022-11-22T22:14:47 IST" duration-ms="0" status="PASS">
          <reporter-output>
          </reporter-output>
        </test-method> <!-- SetupTest -->
        <test-method is-config="true" signature="setUpRequest()[pri:0, instance:assignment.RestFramework.testcases.Card@54e1c68b]" started-at="2022-11-22T22:14:47 IST" name="setUpRequest" finished-at="2022-11-22T22:14:47 IST" duration-ms="0" status="PASS">
          <reporter-output>
          </reporter-output>
        </test-method> <!-- setUpRequest -->
        <test-method is-config="true" signature="reportFlush(org.testng.ITestResult)[pri:0, instance:assignment.RestFramework.testcases.Card@54e1c68b]" started-at="2022-11-22T22:14:48 IST" name="reportFlush" finished-at="2022-11-22T22:14:48 IST" duration-ms="16" status="PASS">
          <params>
            <param index="0">
              <value>
                <![CDATA[[TestResult name=Create_a_Card status=SUCCESS method=Card.Create_a_Card()[pri:1, instance:assignment.RestFramework.testcases.Card@54e1c68b] output={null}]]]>
              </value>
            </param>
          </params>
          <reporter-output>
          </reporter-output>
        </test-method> <!-- reportFlush -->
        <test-method signature="get_a_Card()[pri:2, instance:assignment.RestFramework.testcases.Card@54e1c68b]" started-at="2022-11-22T22:14:48 IST" name="get_a_Card" finished-at="2022-11-22T22:14:49 IST" duration-ms="715" status="PASS">
          <reporter-output>
          </reporter-output>
        </test-method> <!-- get_a_Card -->
        <test-method is-config="true" signature="startTest(java.lang.reflect.Method)[pri:0, instance:assignment.RestFramework.testcases.Card@54e1c68b]" started-at="2022-11-22T22:14:48 IST" name="startTest" finished-at="2022-11-22T22:14:48 IST" duration-ms="0" status="PASS">
          <params>
            <param index="0">
              <value>
                <![CDATA[public void assignment.RestFramework.testcases.Card.get_a_Card() throws java.lang.Exception]]>
              </value>
            </param>
          </params>
          <reporter-output>
          </reporter-output>
        </test-method> <!-- startTest -->
        <test-method is-config="true" signature="setUpRequest()[pri:0, instance:assignment.RestFramework.testcases.Card@54e1c68b]" started-at="2022-11-22T22:14:48 IST" name="setUpRequest" finished-at="2022-11-22T22:14:48 IST" duration-ms="0" status="PASS">
          <reporter-output>
          </reporter-output>
        </test-method> <!-- setUpRequest -->
        <test-method is-config="true" signature="reportFlush(org.testng.ITestResult)[pri:0, instance:assignment.RestFramework.testcases.Card@54e1c68b]" started-at="2022-11-22T22:14:49 IST" name="reportFlush" finished-at="2022-11-22T22:14:49 IST" duration-ms="16" status="PASS">
          <params>
            <param index="0">
              <value>
                <![CDATA[[TestResult name=get_a_Card status=SUCCESS method=Card.get_a_Card()[pri:2, instance:assignment.RestFramework.testcases.Card@54e1c68b] output={null}]]]>
              </value>
            </param>
          </params>
          <reporter-output>
          </reporter-output>
        </test-method> <!-- reportFlush -->
        <test-method signature="update_a_Card()[pri:3, instance:assignment.RestFramework.testcases.Card@54e1c68b]" started-at="2022-11-22T22:14:49 IST" name="update_a_Card" finished-at="2022-11-22T22:14:50 IST" duration-ms="1080" status="PASS">
          <reporter-output>
          </reporter-output>
        </test-method> <!-- update_a_Card -->
        <test-method is-config="true" signature="setUpRequest()[pri:0, instance:assignment.RestFramework.testcases.Card@54e1c68b]" started-at="2022-11-22T22:14:49 IST" name="setUpRequest" finished-at="2022-11-22T22:14:49 IST" duration-ms="0" status="PASS">
          <reporter-output>
          </reporter-output>
        </test-method> <!-- setUpRequest -->
        <test-method is-config="true" signature="startTest(java.lang.reflect.Method)[pri:0, instance:assignment.RestFramework.testcases.Card@54e1c68b]" started-at="2022-11-22T22:14:49 IST" name="startTest" finished-at="2022-11-22T22:14:49 IST" duration-ms="0" status="PASS">
          <params>
            <param index="0">
              <value>
                <![CDATA[public void assignment.RestFramework.testcases.Card.update_a_Card() throws java.lang.Exception]]>
              </value>
            </param>
          </params>
          <reporter-output>
          </reporter-output>
        </test-method> <!-- startTest -->
        <test-method is-config="true" signature="reportFlush(org.testng.ITestResult)[pri:0, instance:assignment.RestFramework.testcases.Card@54e1c68b]" started-at="2022-11-22T22:14:50 IST" name="reportFlush" finished-at="2022-11-22T22:14:50 IST" duration-ms="24" status="PASS">
          <params>
            <param index="0">
              <value>
                <![CDATA[[TestResult name=update_a_Card status=SUCCESS method=Card.update_a_Card()[pri:3, instance:assignment.RestFramework.testcases.Card@54e1c68b] output={null}]]]>
              </value>
            </param>
          </params>
          <reporter-output>
          </reporter-output>
        </test-method> <!-- reportFlush -->
        <test-method is-config="true" signature="startTest(java.lang.reflect.Method)[pri:0, instance:assignment.RestFramework.testcases.Card@54e1c68b]" started-at="2022-11-22T22:14:50 IST" name="startTest" finished-at="2022-11-22T22:14:50 IST" duration-ms="0" status="PASS">
          <params>
            <param index="0">
              <value>
                <![CDATA[public void assignment.RestFramework.testcases.Card.delete_a_Card() throws java.lang.Exception]]>
              </value>
            </param>
          </params>
          <reporter-output>
          </reporter-output>
        </test-method> <!-- startTest -->
        <test-method is-config="true" signature="setUpRequest()[pri:0, instance:assignment.RestFramework.testcases.Card@54e1c68b]" started-at="2022-11-22T22:14:50 IST" name="setUpRequest" finished-at="2022-11-22T22:14:50 IST" duration-ms="0" status="PASS">
          <reporter-output>
          </reporter-output>
        </test-method> <!-- setUpRequest -->
        <test-method signature="delete_a_Card()[pri:4, instance:assignment.RestFramework.testcases.Card@54e1c68b]" started-at="2022-11-22T22:14:50 IST" name="delete_a_Card" finished-at="2022-11-22T22:14:51 IST" duration-ms="779" status="PASS">
          <reporter-output>
          </reporter-output>
        </test-method> <!-- delete_a_Card -->
        <test-method is-config="true" signature="reportFlush(org.testng.ITestResult)[pri:0, instance:assignment.RestFramework.testcases.Card@54e1c68b]" started-at="2022-11-22T22:14:51 IST" name="reportFlush" finished-at="2022-11-22T22:14:51 IST" duration-ms="19" status="PASS">
          <params>
            <param index="0">
              <value>
                <![CDATA[[TestResult name=delete_a_Card status=SUCCESS method=Card.delete_a_Card()[pri:4, instance:assignment.RestFramework.testcases.Card@54e1c68b] output={null}]]]>
              </value>
            </param>
          </params>
          <reporter-output>
          </reporter-output>
        </test-method> <!-- reportFlush -->
        <test-method signature="negative_scenario()[pri:5, instance:assignment.RestFramework.testcases.Card@54e1c68b]" started-at="2022-11-22T22:14:51 IST" name="negative_scenario" finished-at="2022-11-22T22:14:51 IST" duration-ms="597" status="PASS">
          <reporter-output>
          </reporter-output>
        </test-method> <!-- negative_scenario -->
        <test-method is-config="true" signature="setUpRequest()[pri:0, instance:assignment.RestFramework.testcases.Card@54e1c68b]" started-at="2022-11-22T22:14:51 IST" name="setUpRequest" finished-at="2022-11-22T22:14:51 IST" duration-ms="0" status="PASS">
          <reporter-output>
          </reporter-output>
        </test-method> <!-- setUpRequest -->
        <test-method is-config="true" signature="startTest(java.lang.reflect.Method)[pri:0, instance:assignment.RestFramework.testcases.Card@54e1c68b]" started-at="2022-11-22T22:14:51 IST" name="startTest" finished-at="2022-11-22T22:14:51 IST" duration-ms="0" status="PASS">
          <params>
            <param index="0">
              <value>
                <![CDATA[public void assignment.RestFramework.testcases.Card.negative_scenario() throws java.lang.Exception]]>
              </value>
            </param>
          </params>
          <reporter-output>
          </reporter-output>
        </test-method> <!-- startTest -->
        <test-method is-config="true" signature="reportFlush(org.testng.ITestResult)[pri:0, instance:assignment.RestFramework.testcases.Card@54e1c68b]" started-at="2022-11-22T22:14:51 IST" name="reportFlush" finished-at="2022-11-22T22:14:51 IST" duration-ms="15" status="PASS">
          <params>
            <param index="0">
              <value>
                <![CDATA[[TestResult name=negative_scenario status=SUCCESS method=Card.negative_scenario()[pri:5, instance:assignment.RestFramework.testcases.Card@54e1c68b] output={null}]]]>
              </value>
            </param>
          </params>
          <reporter-output>
          </reporter-output>
        </test-method> <!-- reportFlush -->
      </class> <!-- assignment.RestFramework.testcases.Card -->
      <class name="assignment.RestFramework.testcases.CheckLists">
        <test-method is-config="true" signature="startTest(java.lang.reflect.Method)[pri:0, instance:assignment.RestFramework.testcases.CheckLists@52b1beb6]" started-at="2022-11-22T22:14:51 IST" name="startTest" finished-at="2022-11-22T22:14:51 IST" duration-ms="0" status="PASS">
          <params>
            <param index="0">
              <value>
                <![CDATA[public void assignment.RestFramework.testcases.CheckLists.Create_a_CheckList() throws java.lang.Exception]]>
              </value>
            </param>
          </params>
          <reporter-output>
          </reporter-output>
        </test-method> <!-- startTest -->
        <test-method is-config="true" signature="setUpRequest()[pri:0, instance:assignment.RestFramework.testcases.CheckLists@52b1beb6]" started-at="2022-11-22T22:14:51 IST" name="setUpRequest" finished-at="2022-11-22T22:14:51 IST" duration-ms="0" status="PASS">
          <reporter-output>
          </reporter-output>
        </test-method> <!-- setUpRequest -->
        <test-method signature="Create_a_CheckList()[pri:1, instance:assignment.RestFramework.testcases.CheckLists@52b1beb6]" started-at="2022-11-22T22:14:51 IST" name="Create_a_CheckList" finished-at="2022-11-22T22:14:52 IST" duration-ms="913" status="PASS">
          <reporter-output>
          </reporter-output>
        </test-method> <!-- Create_a_CheckList -->
        <test-method is-config="true" signature="SetupTest()[pri:0, instance:assignment.RestFramework.testcases.CheckLists@52b1beb6]" started-at="2022-11-22T22:14:51 IST" name="SetupTest" finished-at="2022-11-22T22:14:51 IST" duration-ms="0" status="PASS">
          <reporter-output>
          </reporter-output>
        </test-method> <!-- SetupTest -->
        <test-method is-config="true" signature="reportFlush(org.testng.ITestResult)[pri:0, instance:assignment.RestFramework.testcases.CheckLists@52b1beb6]" started-at="2022-11-22T22:14:52 IST" name="reportFlush" finished-at="2022-11-22T22:14:52 IST" duration-ms="16" status="PASS">
          <params>
            <param index="0">
              <value>
                <![CDATA[[TestResult name=Create_a_CheckList status=SUCCESS method=CheckLists.Create_a_CheckList()[pri:1, instance:assignment.RestFramework.testcases.CheckLists@52b1beb6] output={null}]]]>
              </value>
            </param>
          </params>
          <reporter-output>
          </reporter-output>
        </test-method> <!-- reportFlush -->
        <test-method is-config="true" signature="setUpRequest()[pri:0, instance:assignment.RestFramework.testcases.CheckLists@52b1beb6]" started-at="2022-11-22T22:14:52 IST" name="setUpRequest" finished-at="2022-11-22T22:14:52 IST" duration-ms="0" status="PASS">
          <reporter-output>
          </reporter-output>
        </test-method> <!-- setUpRequest -->
        <test-method signature="get_a_CheckList()[pri:2, instance:assignment.RestFramework.testcases.CheckLists@52b1beb6]" started-at="2022-11-22T22:14:52 IST" name="get_a_CheckList" finished-at="2022-11-22T22:14:54 IST" duration-ms="1643" status="PASS">
          <reporter-output>
          </reporter-output>
        </test-method> <!-- get_a_CheckList -->
        <test-method is-config="true" signature="startTest(java.lang.reflect.Method)[pri:0, instance:assignment.RestFramework.testcases.CheckLists@52b1beb6]" started-at="2022-11-22T22:14:52 IST" name="startTest" finished-at="2022-11-22T22:14:52 IST" duration-ms="0" status="PASS">
          <params>
            <param index="0">
              <value>
                <![CDATA[public void assignment.RestFramework.testcases.CheckLists.get_a_CheckList() throws java.lang.Exception]]>
              </value>
            </param>
          </params>
          <reporter-output>
          </reporter-output>
        </test-method> <!-- startTest -->
        <test-method is-config="true" signature="reportFlush(org.testng.ITestResult)[pri:0, instance:assignment.RestFramework.testcases.CheckLists@52b1beb6]" started-at="2022-11-22T22:14:54 IST" name="reportFlush" finished-at="2022-11-22T22:14:54 IST" duration-ms="2" status="PASS">
          <params>
            <param index="0">
              <value>
                <![CDATA[[TestResult name=get_a_CheckList status=SUCCESS method=CheckLists.get_a_CheckList()[pri:2, instance:assignment.RestFramework.testcases.CheckLists@52b1beb6] output={null}]]]>
              </value>
            </param>
          </params>
          <reporter-output>
          </reporter-output>
        </test-method> <!-- reportFlush -->
        <test-method signature="update_a_CheckList()[pri:3, instance:assignment.RestFramework.testcases.CheckLists@52b1beb6]" started-at="2022-11-22T22:14:54 IST" name="update_a_CheckList" finished-at="2022-11-22T22:14:55 IST" duration-ms="784" status="PASS">
          <reporter-output>
          </reporter-output>
        </test-method> <!-- update_a_CheckList -->
        <test-method is-config="true" signature="setUpRequest()[pri:0, instance:assignment.RestFramework.testcases.CheckLists@52b1beb6]" started-at="2022-11-22T22:14:54 IST" name="setUpRequest" finished-at="2022-11-22T22:14:54 IST" duration-ms="0" status="PASS">
          <reporter-output>
          </reporter-output>
        </test-method> <!-- setUpRequest -->
        <test-method is-config="true" signature="startTest(java.lang.reflect.Method)[pri:0, instance:assignment.RestFramework.testcases.CheckLists@52b1beb6]" started-at="2022-11-22T22:14:54 IST" name="startTest" finished-at="2022-11-22T22:14:54 IST" duration-ms="0" status="PASS">
          <params>
            <param index="0">
              <value>
                <![CDATA[public void assignment.RestFramework.testcases.CheckLists.update_a_CheckList() throws java.lang.Exception]]>
              </value>
            </param>
          </params>
          <reporter-output>
          </reporter-output>
        </test-method> <!-- startTest -->
        <test-method is-config="true" signature="reportFlush(org.testng.ITestResult)[pri:0, instance:assignment.RestFramework.testcases.CheckLists@52b1beb6]" started-at="2022-11-22T22:14:55 IST" name="reportFlush" finished-at="2022-11-22T22:14:55 IST" duration-ms="16" status="PASS">
          <params>
            <param index="0">
              <value>
                <![CDATA[[TestResult name=update_a_CheckList status=SUCCESS method=CheckLists.update_a_CheckList()[pri:3, instance:assignment.RestFramework.testcases.CheckLists@52b1beb6] output={null}]]]>
              </value>
            </param>
          </params>
          <reporter-output>
          </reporter-output>
        </test-method> <!-- reportFlush -->
        <test-method signature="delete_a_CheckList()[pri:4, instance:assignment.RestFramework.testcases.CheckLists@52b1beb6]" started-at="2022-11-22T22:14:55 IST" name="delete_a_CheckList" finished-at="2022-11-22T22:14:56 IST" duration-ms="989" status="PASS">
          <reporter-output>
          </reporter-output>
        </test-method> <!-- delete_a_CheckList -->
        <test-method is-config="true" signature="setUpRequest()[pri:0, instance:assignment.RestFramework.testcases.CheckLists@52b1beb6]" started-at="2022-11-22T22:14:55 IST" name="setUpRequest" finished-at="2022-11-22T22:14:55 IST" duration-ms="0" status="PASS">
          <reporter-output>
          </reporter-output>
        </test-method> <!-- setUpRequest -->
        <test-method is-config="true" signature="startTest(java.lang.reflect.Method)[pri:0, instance:assignment.RestFramework.testcases.CheckLists@52b1beb6]" started-at="2022-11-22T22:14:55 IST" name="startTest" finished-at="2022-11-22T22:14:55 IST" duration-ms="0" status="PASS">
          <params>
            <param index="0">
              <value>
                <![CDATA[public void assignment.RestFramework.testcases.CheckLists.delete_a_CheckList() throws java.lang.Exception]]>
              </value>
            </param>
          </params>
          <reporter-output>
          </reporter-output>
        </test-method> <!-- startTest -->
        <test-method is-config="true" signature="reportFlush(org.testng.ITestResult)[pri:0, instance:assignment.RestFramework.testcases.CheckLists@52b1beb6]" started-at="2022-11-22T22:14:56 IST" name="reportFlush" finished-at="2022-11-22T22:14:56 IST" duration-ms="16" status="PASS">
          <params>
            <param index="0">
              <value>
                <![CDATA[[TestResult name=delete_a_CheckList status=SUCCESS method=CheckLists.delete_a_CheckList()[pri:4, instance:assignment.RestFramework.testcases.CheckLists@52b1beb6] output={null}]]]>
              </value>
            </param>
          </params>
          <reporter-output>
          </reporter-output>
        </test-method> <!-- reportFlush -->
        <test-method signature="negative_scenario()[pri:5, instance:assignment.RestFramework.testcases.CheckLists@52b1beb6]" started-at="2022-11-22T22:14:56 IST" name="negative_scenario" finished-at="2022-11-22T22:14:56 IST" duration-ms="593" status="PASS">
          <reporter-output>
          </reporter-output>
        </test-method> <!-- negative_scenario -->
        <test-method is-config="true" signature="setUpRequest()[pri:0, instance:assignment.RestFramework.testcases.CheckLists@52b1beb6]" started-at="2022-11-22T22:14:56 IST" name="setUpRequest" finished-at="2022-11-22T22:14:56 IST" duration-ms="0" status="PASS">
          <reporter-output>
          </reporter-output>
        </test-method> <!-- setUpRequest -->
        <test-method is-config="true" signature="startTest(java.lang.reflect.Method)[pri:0, instance:assignment.RestFramework.testcases.CheckLists@52b1beb6]" started-at="2022-11-22T22:14:56 IST" name="startTest" finished-at="2022-11-22T22:14:56 IST" duration-ms="0" status="PASS">
          <params>
            <param index="0">
              <value>
                <![CDATA[public void assignment.RestFramework.testcases.CheckLists.negative_scenario() throws java.lang.Exception]]>
              </value>
            </param>
          </params>
          <reporter-output>
          </reporter-output>
        </test-method> <!-- startTest -->
        <test-method is-config="true" signature="reportFlush(org.testng.ITestResult)[pri:0, instance:assignment.RestFramework.testcases.CheckLists@52b1beb6]" started-at="2022-11-22T22:14:56 IST" name="reportFlush" finished-at="2022-11-22T22:14:56 IST" duration-ms="31" status="PASS">
          <params>
            <param index="0">
              <value>
                <![CDATA[[TestResult name=negative_scenario status=SUCCESS method=CheckLists.negative_scenario()[pri:5, instance:assignment.RestFramework.testcases.CheckLists@52b1beb6] output={null}]]]>
              </value>
            </param>
          </params>
          <reporter-output>
          </reporter-output>
        </test-method> <!-- reportFlush -->
      </class> <!-- assignment.RestFramework.testcases.CheckLists -->
    </test> <!-- Test -->
  </suite> <!-- Suite -->
</testng-results>
